<?xml version="1.0" encoding="UTF-8"?>
<!-- Generated by org.testng.reporters.JUnitReportReporter -->
<testsuite hostname="DESKTOP-LKT9H3I" failures="0" tests="2" name="vtiger.Practice.CreateVtigerScenarioWithDDT_GUTest" time="74.738" errors="0" timestamp="2023-07-26T18:42:43 IST" skipped="0">
  <testcase classname="vtiger.Practice.CreateVtigerScenarioWithDDT_GUTest" name="cteateVtigerScenarioTest" time="38.864"/>
  <system-out/>
  <testcase classname="vtiger.Practice.CreateVtigerScenarioWithDDT_GUTest" name="cteateVtigerScenarioTest" time="35.874"/>
  <system-out/>
</testsuite> <!-- vtiger.Practice.CreateVtigerScenarioWithDDT_GUTest -->
